<?xml version="1.0" encoding="UTF-8"?>
<testsuite name="parkinglot.ParkingLotTest" tests="1" skipped="0" failures="0" errors="0" timestamp="2019-12-27T09:53:30" hostname="mohit-Inspiron-15-3567" time="0.001">
  <properties/>
  <testcase name="parkVehicle_ReturnTrue" classname="parkinglot.ParkingLotTest" time="0.001"/>
  <system-out><![CDATA[]]></system-out>
  <system-err><![CDATA[]]></system-err>
</testsuite>
